{
  "uid" : "409cc9e9c3373789",
  "name" : "checking login functionality of HRM web page with Multiple parameters -- @1.2 ",
  "fullName" : "Login Functionality check of HRM web page: checking login functionality of HRM web page with Multiple parameters",
  "historyId" : "a2aa2c9f7d33e30261f33c166d96f124",
  "time" : {
    "start" : 1653388047293,
    "stop" : 1653388050417,
    "duration" : 3124
  },
  "status" : "failed",
  "statusMessage" : "AssertionError: Test Failed\n",
  "statusTrace" : "  File \"c:\\users\\611903295\\downloads\\python_bdd_testing\\env\\lib\\site-packages\\behave\\model.py\", line 1329, in run\n    match.run(runner.context)\n  File \"c:\\users\\611903295\\downloads\\python_bdd_testing\\env\\lib\\site-packages\\behave\\matchers.py\", line 98, in run\n    self.func(context, *args, **kwargs)\n  File \"features\\steps\\loginsteps.py\", line 38, in step_impl\n    assert False,\"Test Failed\"\n",
  "flaky" : false,
  "newFailed" : false,
  "newBroken" : false,
  "newPassed" : false,
  "retriesCount" : 0,
  "retriesStatusChange" : false,
  "beforeStages" : [ ],
  "testStage" : {
    "status" : "failed",
    "statusMessage" : "AssertionError: Test Failed\n",
    "statusTrace" : "  File \"c:\\users\\611903295\\downloads\\python_bdd_testing\\env\\lib\\site-packages\\behave\\model.py\", line 1329, in run\n    match.run(runner.context)\n  File \"c:\\users\\611903295\\downloads\\python_bdd_testing\\env\\lib\\site-packages\\behave\\matchers.py\", line 98, in run\n    self.func(context, *args, **kwargs)\n  File \"features\\steps\\loginsteps.py\", line 38, in step_impl\n    assert False,\"Test Failed\"\n",
    "steps" : [ {
      "name" : "Given open the Edge Browser",
      "time" : {
        "start" : 1653388047293,
        "stop" : 1653388048405,
        "duration" : 1112
      },
      "status" : "passed",
      "steps" : [ ],
      "attachments" : [ ],
      "parameters" : [ ],
      "shouldDisplayMessage" : false,
      "attachmentsCount" : 0,
      "stepsCount" : 0,
      "hasContent" : false
    }, {
      "name" : "When open the Orange HRM Login Page",
      "time" : {
        "start" : 1653388048405,
        "stop" : 1653388049742,
        "duration" : 1337
      },
      "status" : "passed",
      "steps" : [ ],
      "attachments" : [ ],
      "parameters" : [ ],
      "shouldDisplayMessage" : false,
      "attachmentsCount" : 0,
      "stepsCount" : 0,
      "hasContent" : false
    }, {
      "name" : "And Accessing the HMS Page on that so that we can access the Login",
      "time" : {
        "start" : 1653388049742,
        "stop" : 1653388049956,
        "duration" : 214
      },
      "status" : "passed",
      "steps" : [ ],
      "attachments" : [ ],
      "parameters" : [ ],
      "shouldDisplayMessage" : false,
      "attachmentsCount" : 0,
      "stepsCount" : 0,
      "hasContent" : false
    }, {
      "name" : "And Enter the username as \"rika\" and password as \"sarangi\"",
      "time" : {
        "start" : 1653388049957,
        "stop" : 1653388050038,
        "duration" : 81
      },
      "status" : "passed",
      "steps" : [ ],
      "attachments" : [ ],
      "parameters" : [ ],
      "shouldDisplayMessage" : false,
      "attachmentsCount" : 0,
      "stepsCount" : 0,
      "hasContent" : false
    }, {
      "name" : "And click on the Login button to access Dashboard Page",
      "time" : {
        "start" : 1653388050039,
        "stop" : 1653388050232,
        "duration" : 193
      },
      "status" : "passed",
      "steps" : [ ],
      "attachments" : [ ],
      "parameters" : [ ],
      "shouldDisplayMessage" : false,
      "attachmentsCount" : 0,
      "stepsCount" : 0,
      "hasContent" : false
    }, {
      "name" : "Then check the Dashboard page displayed or not and close the Edge Browser",
      "time" : {
        "start" : 1653388050232,
        "stop" : 1653388050416,
        "duration" : 184
      },
      "status" : "failed",
      "statusMessage" : "AssertionError: Test Failed\n",
      "statusTrace" : "  File \"c:\\users\\611903295\\downloads\\python_bdd_testing\\env\\lib\\site-packages\\behave\\model.py\", line 1329, in run\n    match.run(runner.context)\n  File \"c:\\users\\611903295\\downloads\\python_bdd_testing\\env\\lib\\site-packages\\behave\\matchers.py\", line 98, in run\n    self.func(context, *args, **kwargs)\n  File \"features\\steps\\loginsteps.py\", line 38, in step_impl\n    assert False,\"Test Failed\"\n",
      "steps" : [ ],
      "attachments" : [ ],
      "parameters" : [ ],
      "shouldDisplayMessage" : true,
      "attachmentsCount" : 0,
      "stepsCount" : 0,
      "hasContent" : true
    } ],
    "attachments" : [ ],
    "parameters" : [ ],
    "shouldDisplayMessage" : false,
    "attachmentsCount" : 0,
    "stepsCount" : 6,
    "hasContent" : true
  },
  "afterStages" : [ ],
  "labels" : [ {
    "name" : "severity",
    "value" : "normal"
  }, {
    "name" : "feature",
    "value" : "Login Functionality check of HRM web page"
  }, {
    "name" : "framework",
    "value" : "behave"
  }, {
    "name" : "language",
    "value" : "cpython3"
  }, {
    "name" : "resultFormat",
    "value" : "allure2"
  } ],
  "parameters" : [ {
    "name" : "password",
    "value" : "sarangi"
  }, {
    "name" : "username",
    "value" : "rika"
  } ],
  "links" : [ ],
  "hidden" : false,
  "retry" : false,
  "extra" : {
    "severity" : "normal",
    "retries" : [ ],
    "categories" : [ {
      "name" : "Product defects",
      "matchedStatuses" : [ ],
      "flaky" : false
    } ],
    "tags" : [ ]
  },
  "source" : "409cc9e9c3373789.json",
  "parameterValues" : [ "sarangi", "rika" ]
}