{
  "uid" : "79a2833f723113d9",
  "name" : "checking login functionality of HRM web page with Multiple parameters -- @1.3 ",
  "fullName" : "Login Functionality check of HRM web page: checking login functionality of HRM web page with Multiple parameters",
  "historyId" : "48abedbe35b842ffb8681f1cb15b6387",
  "time" : {
    "start" : 1653388050418,
    "stop" : 1653388054663,
    "duration" : 4245
  },
  "status" : "failed",
  "statusMessage" : "AssertionError: Test Failed\n",
  "statusTrace" : "  File \"c:\\users\\611903295\\downloads\\python_bdd_testing\\env\\lib\\site-packages\\behave\\model.py\", line 1329, in run\n    match.run(runner.context)\n  File \"c:\\users\\611903295\\downloads\\python_bdd_testing\\env\\lib\\site-packages\\behave\\matchers.py\", line 98, in run\n    self.func(context, *args, **kwargs)\n  File \"features\\steps\\loginsteps.py\", line 38, in step_impl\n    assert False,\"Test Failed\"\n",
  "flaky" : false,
  "newFailed" : false,
  "newBroken" : false,
  "newPassed" : false,
  "retriesCount" : 0,
  "retriesStatusChange" : false,
  "beforeStages" : [ ],
  "testStage" : {
    "status" : "failed",
    "statusMessage" : "AssertionError: Test Failed\n",
    "statusTrace" : "  File \"c:\\users\\611903295\\downloads\\python_bdd_testing\\env\\lib\\site-packages\\behave\\model.py\", line 1329, in run\n    match.run(runner.context)\n  File \"c:\\users\\611903295\\downloads\\python_bdd_testing\\env\\lib\\site-packages\\behave\\matchers.py\", line 98, in run\n    self.func(context, *args, **kwargs)\n  File \"features\\steps\\loginsteps.py\", line 38, in step_impl\n    assert False,\"Test Failed\"\n",
    "steps" : [ {
      "name" : "Given open the Edge Browser",
      "time" : {
        "start" : 1653388050424,
        "stop" : 1653388052562,
        "duration" : 2138
      },
      "status" : "passed",
      "steps" : [ ],
      "attachments" : [ ],
      "parameters" : [ ],
      "shouldDisplayMessage" : false,
      "attachmentsCount" : 0,
      "stepsCount" : 0,
      "hasContent" : false
    }, {
      "name" : "When open the Orange HRM Login Page",
      "time" : {
        "start" : 1653388052562,
        "stop" : 1653388054019,
        "duration" : 1457
      },
      "status" : "passed",
      "steps" : [ ],
      "attachments" : [ ],
      "parameters" : [ ],
      "shouldDisplayMessage" : false,
      "attachmentsCount" : 0,
      "stepsCount" : 0,
      "hasContent" : false
    }, {
      "name" : "And Accessing the HMS Page on that so that we can access the Login",
      "time" : {
        "start" : 1653388054019,
        "stop" : 1653388054223,
        "duration" : 204
      },
      "status" : "passed",
      "steps" : [ ],
      "attachments" : [ ],
      "parameters" : [ ],
      "shouldDisplayMessage" : false,
      "attachmentsCount" : 0,
      "stepsCount" : 0,
      "hasContent" : false
    }, {
      "name" : "And Enter the username as \"pratik\" and password as \"sarangi\"",
      "time" : {
        "start" : 1653388054223,
        "stop" : 1653388054301,
        "duration" : 78
      },
      "status" : "passed",
      "steps" : [ ],
      "attachments" : [ ],
      "parameters" : [ ],
      "shouldDisplayMessage" : false,
      "attachmentsCount" : 0,
      "stepsCount" : 0,
      "hasContent" : false
    }, {
      "name" : "And click on the Login button to access Dashboard Page",
      "time" : {
        "start" : 1653388054301,
        "stop" : 1653388054475,
        "duration" : 174
      },
      "status" : "passed",
      "steps" : [ ],
      "attachments" : [ ],
      "parameters" : [ ],
      "shouldDisplayMessage" : false,
      "attachmentsCount" : 0,
      "stepsCount" : 0,
      "hasContent" : false
    }, {
      "name" : "Then check the Dashboard page displayed or not and close the Edge Browser",
      "time" : {
        "start" : 1653388054475,
        "stop" : 1653388054662,
        "duration" : 187
      },
      "status" : "failed",
      "statusMessage" : "AssertionError: Test Failed\n",
      "statusTrace" : "  File \"c:\\users\\611903295\\downloads\\python_bdd_testing\\env\\lib\\site-packages\\behave\\model.py\", line 1329, in run\n    match.run(runner.context)\n  File \"c:\\users\\611903295\\downloads\\python_bdd_testing\\env\\lib\\site-packages\\behave\\matchers.py\", line 98, in run\n    self.func(context, *args, **kwargs)\n  File \"features\\steps\\loginsteps.py\", line 38, in step_impl\n    assert False,\"Test Failed\"\n",
      "steps" : [ ],
      "attachments" : [ ],
      "parameters" : [ ],
      "shouldDisplayMessage" : true,
      "attachmentsCount" : 0,
      "stepsCount" : 0,
      "hasContent" : true
    } ],
    "attachments" : [ ],
    "parameters" : [ ],
    "shouldDisplayMessage" : false,
    "attachmentsCount" : 0,
    "stepsCount" : 6,
    "hasContent" : true
  },
  "afterStages" : [ ],
  "labels" : [ {
    "name" : "severity",
    "value" : "normal"
  }, {
    "name" : "feature",
    "value" : "Login Functionality check of HRM web page"
  }, {
    "name" : "framework",
    "value" : "behave"
  }, {
    "name" : "language",
    "value" : "cpython3"
  }, {
    "name" : "resultFormat",
    "value" : "allure2"
  } ],
  "parameters" : [ {
    "name" : "password",
    "value" : "sarangi"
  }, {
    "name" : "username",
    "value" : "pratik"
  } ],
  "links" : [ ],
  "hidden" : false,
  "retry" : false,
  "extra" : {
    "severity" : "normal",
    "retries" : [ ],
    "categories" : [ {
      "name" : "Product defects",
      "matchedStatuses" : [ ],
      "flaky" : false
    } ],
    "tags" : [ ]
  },
  "source" : "79a2833f723113d9.json",
  "parameterValues" : [ "sarangi", "pratik" ]
}